2017-08-18 23:05:20,406  Saving all to D:\Work\_Python3\And0K\scraper3\scrxPDF\12200_PROD GAS+.csv.csv:
2017-08-18 23:05:20,407 ----------------    1. File "d:\Work\_Python3\And0K\scraper3\scrxPDF\test\input_files\12200s ----- Jul 14, 2011 - Jan 26, 2012\#12200 - FENTRESS - STOCKTON" -----------------------
2017-08-18 23:05:20,407    1. File "d:\Work\_Python3\And0K\scraper3\scrxPDF\test\input_files\12200s ----- Jul 14, 2011 - Jan 26, 2012\#12200 - FENTRESS - STOCKTON"
2017-08-18 23:05:20,422 ----------------    2. File "d:\Work\_Python3\And0K\scraper3\scrxPDF\test\input_files\12200s ----- Jul 14, 2011 - Jan 26, 2012\#12201 - CLAIBORNE - EAGAN" -----------------------
2017-08-18 23:05:20,422    2. File "d:\Work\_Python3\And0K\scraper3\scrxPDF\test\input_files\12200s ----- Jul 14, 2011 - Jan 26, 2012\#12201 - CLAIBORNE - EAGAN"
2017-08-18 23:05:20,435 ----------------    3. File "d:\Work\_Python3\And0K\scraper3\scrxPDF\test\input_files\12200s ----- Jul 14, 2011 - Jan 26, 2012\#12201 - CLAIBORNE - EAGAN" -----------------------
2017-08-18 23:05:20,435    3. File "d:\Work\_Python3\And0K\scraper3\scrxPDF\test\input_files\12200s ----- Jul 14, 2011 - Jan 26, 2012\#12201 - CLAIBORNE - EAGAN"
2017-08-18 23:05:20,448 ----------------    4. File "d:\Work\_Python3\And0K\scraper3\scrxPDF\test\input_files\12200s ----- Jul 14, 2011 - Jan 26, 2012\#12203 PA - OVERTON - ALPINE" -----------------------
2017-08-18 23:05:20,448    4. File "d:\Work\_Python3\And0K\scraper3\scrxPDF\test\input_files\12200s ----- Jul 14, 2011 - Jan 26, 2012\#12203 PA - OVERTON - ALPINE"
2017-08-18 23:05:20,459 ----------------    5. File "d:\Work\_Python3\And0K\scraper3\scrxPDF\test\input_files\12200s ----- Jul 14, 2011 - Jan 26, 2012\#12206 - CLAIBORNE - EAGAN" -----------------------
2017-08-18 23:05:20,459    5. File "d:\Work\_Python3\And0K\scraper3\scrxPDF\test\input_files\12200s ----- Jul 14, 2011 - Jan 26, 2012\#12206 - CLAIBORNE - EAGAN"
2017-08-18 23:05:20,472 ----------------    6. File "d:\Work\_Python3\And0K\scraper3\scrxPDF\test\input_files\12200s ----- Jul 14, 2011 - Jan 26, 2012\#12206 - CLAIBORNE - EAGAN" -----------------------
2017-08-18 23:05:20,472    6. File "d:\Work\_Python3\And0K\scraper3\scrxPDF\test\input_files\12200s ----- Jul 14, 2011 - Jan 26, 2012\#12206 - CLAIBORNE - EAGAN"
2017-08-18 23:05:20,485 ----------------    7. File "d:\Work\_Python3\And0K\scraper3\scrxPDF\test\input_files\12200s ----- Jul 14, 2011 - Jan 26, 2012\#12207 PA - OVERTON - LIVINGSTON" -----------------------
2017-08-18 23:05:20,485    7. File "d:\Work\_Python3\And0K\scraper3\scrxPDF\test\input_files\12200s ----- Jul 14, 2011 - Jan 26, 2012\#12207 PA - OVERTON - LIVINGSTON"
2017-08-18 23:05:20,498 ----------------    8. File "d:\Work\_Python3\And0K\scraper3\scrxPDF\test\input_files\12200s ----- Jul 14, 2011 - Jan 26, 2012\#12213 - ANDERSON - LAKE CITY" -----------------------
2017-08-18 23:05:20,498    8. File "d:\Work\_Python3\And0K\scraper3\scrxPDF\test\input_files\12200s ----- Jul 14, 2011 - Jan 26, 2012\#12213 - ANDERSON - LAKE CITY"
2017-08-18 23:05:20,510 ----------------    9. File "d:\Work\_Python3\And0K\scraper3\scrxPDF\test\input_files\12200s ----- Jul 14, 2011 - Jan 26, 2012\#12214 - CAMPBELL - PIONEER" -----------------------
2017-08-18 23:05:20,510    9. File "d:\Work\_Python3\And0K\scraper3\scrxPDF\test\input_files\12200s ----- Jul 14, 2011 - Jan 26, 2012\#12214 - CAMPBELL - PIONEER"
2017-08-18 23:05:20,522 ----------------   10. File "d:\Work\_Python3\And0K\scraper3\scrxPDF\test\input_files\12200s ----- Jul 14, 2011 - Jan 26, 2012\#12215 - CLAIBORNE - EAGAN" -----------------------
2017-08-18 23:05:20,522   10. File "d:\Work\_Python3\And0K\scraper3\scrxPDF\test\input_files\12200s ----- Jul 14, 2011 - Jan 26, 2012\#12215 - CLAIBORNE - EAGAN"
2017-08-18 23:05:20,534 ----------------   11. File "d:\Work\_Python3\And0K\scraper3\scrxPDF\test\input_files\12200s ----- Jul 14, 2011 - Jan 26, 2012\#12216 - CLAIBORNE - EAGAN" -----------------------
2017-08-18 23:05:20,535   11. File "d:\Work\_Python3\And0K\scraper3\scrxPDF\test\input_files\12200s ----- Jul 14, 2011 - Jan 26, 2012\#12216 - CLAIBORNE - EAGAN"
2017-08-18 23:05:20,547 ----------------   12. File "d:\Work\_Python3\And0K\scraper3\scrxPDF\test\input_files\12200s ----- Jul 14, 2011 - Jan 26, 2012\#12217 - CLAIBORNE - EAGAN" -----------------------
2017-08-18 23:05:20,547   12. File "d:\Work\_Python3\And0K\scraper3\scrxPDF\test\input_files\12200s ----- Jul 14, 2011 - Jan 26, 2012\#12217 - CLAIBORNE - EAGAN"
2017-08-18 23:05:20,560 ----------------   13. File "d:\Work\_Python3\And0K\scraper3\scrxPDF\test\input_files\12200s ----- Jul 14, 2011 - Jan 26, 2012\#12218 - CLAIBORNE - EAGAN" -----------------------
2017-08-18 23:05:20,561   13. File "d:\Work\_Python3\And0K\scraper3\scrxPDF\test\input_files\12200s ----- Jul 14, 2011 - Jan 26, 2012\#12218 - CLAIBORNE - EAGAN"
2017-08-18 23:05:20,575 ----------------   14. File "d:\Work\_Python3\And0K\scraper3\scrxPDF\test\input_files\12200s ----- Jul 14, 2011 - Jan 26, 2012\#12218 - CLAIBORNE - EAGAN" -----------------------
2017-08-18 23:05:20,575   14. File "d:\Work\_Python3\And0K\scraper3\scrxPDF\test\input_files\12200s ----- Jul 14, 2011 - Jan 26, 2012\#12218 - CLAIBORNE - EAGAN"
2017-08-18 23:05:20,586 ----------------   15. File "d:\Work\_Python3\And0K\scraper3\scrxPDF\test\input_files\12200s ----- Jul 14, 2011 - Jan 26, 2012\#12219 - ANDERSON - LAKE CITY" -----------------------
2017-08-18 23:05:20,586   15. File "d:\Work\_Python3\And0K\scraper3\scrxPDF\test\input_files\12200s ----- Jul 14, 2011 - Jan 26, 2012\#12219 - ANDERSON - LAKE CITY"
2017-08-18 23:05:20,597 ----------------   16. File "d:\Work\_Python3\And0K\scraper3\scrxPDF\test\input_files\12200s ----- Jul 14, 2011 - Jan 26, 2012\#12219 - ANDERSON - LAKE CITY" -----------------------
2017-08-18 23:05:20,598   16. File "d:\Work\_Python3\And0K\scraper3\scrxPDF\test\input_files\12200s ----- Jul 14, 2011 - Jan 26, 2012\#12219 - ANDERSON - LAKE CITY"
2017-08-18 23:05:20,609 ----------------   17. File "d:\Work\_Python3\And0K\scraper3\scrxPDF\test\input_files\12200s ----- Jul 14, 2011 - Jan 26, 2012\#12225 PA - PICKETT - DALE HOLLOW RESERVOIR SE" -----------------------
2017-08-18 23:05:20,610   17. File "d:\Work\_Python3\And0K\scraper3\scrxPDF\test\input_files\12200s ----- Jul 14, 2011 - Jan 26, 2012\#12225 PA - PICKETT - DALE HOLLOW RESERVOIR SE"
2017-08-18 23:05:20,629 ----------------   18. File "d:\Work\_Python3\And0K\scraper3\scrxPDF\test\input_files\12200s ----- Jul 14, 2011 - Jan 26, 2012\#12228 - ANDERSON - LAKE CITY" -----------------------
2017-08-18 23:05:20,629   18. File "d:\Work\_Python3\And0K\scraper3\scrxPDF\test\input_files\12200s ----- Jul 14, 2011 - Jan 26, 2012\#12228 - ANDERSON - LAKE CITY"
2017-08-18 23:05:20,644 ----------------   19. File "d:\Work\_Python3\And0K\scraper3\scrxPDF\test\input_files\12200s ----- Jul 14, 2011 - Jan 26, 2012\#12228 - ANDERSON - LAKE CITY" -----------------------
2017-08-18 23:05:20,645   19. File "d:\Work\_Python3\And0K\scraper3\scrxPDF\test\input_files\12200s ----- Jul 14, 2011 - Jan 26, 2012\#12228 - ANDERSON - LAKE CITY"
2017-08-18 23:05:20,660 ----------------   20. File "d:\Work\_Python3\And0K\scraper3\scrxPDF\test\input_files\12200s ----- Jul 14, 2011 - Jan 26, 2012\#12229 - CAMPBELL - PIONEER" -----------------------
2017-08-18 23:05:20,660   20. File "d:\Work\_Python3\And0K\scraper3\scrxPDF\test\input_files\12200s ----- Jul 14, 2011 - Jan 26, 2012\#12229 - CAMPBELL - PIONEER"
2017-08-18 23:05:20,675 ----------------   21. File "d:\Work\_Python3\And0K\scraper3\scrxPDF\test\input_files\12200s ----- Jul 14, 2011 - Jan 26, 2012\#12251 PA - OVERTON - LIVINGSTON" -----------------------
2017-08-18 23:05:20,676   21. File "d:\Work\_Python3\And0K\scraper3\scrxPDF\test\input_files\12200s ----- Jul 14, 2011 - Jan 26, 2012\#12251 PA - OVERTON - LIVINGSTON"
2017-08-18 23:05:20,687 ----------------   22. File "d:\Work\_Python3\And0K\scraper3\scrxPDF\test\input_files\12200s ----- Jul 14, 2011 - Jan 26, 2012\#12271 - MORGAN - TWIN BRIDGES" -----------------------
2017-08-18 23:05:20,687   22. File "d:\Work\_Python3\And0K\scraper3\scrxPDF\test\input_files\12200s ----- Jul 14, 2011 - Jan 26, 2012\#12271 - MORGAN - TWIN BRIDGES"
2017-08-18 23:05:20,699 ----------------   23. File "d:\Work\_Python3\And0K\scraper3\scrxPDF\test\input_files\12200s ----- Jul 14, 2011 - Jan 26, 2012\#12276 - PICKETT - MOODYVILLE" -----------------------
2017-08-18 23:05:20,699   23. File "d:\Work\_Python3\And0K\scraper3\scrxPDF\test\input_files\12200s ----- Jul 14, 2011 - Jan 26, 2012\#12276 - PICKETT - MOODYVILLE"
2017-08-18 23:05:20,711 ----------------   24. File "d:\Work\_Python3\And0K\scraper3\scrxPDF\test\input_files\12200s ----- Jul 14, 2011 - Jan 26, 2012\#12276 - PICKETT - MOODYVILLE" -----------------------
2017-08-18 23:05:20,711   24. File "d:\Work\_Python3\And0K\scraper3\scrxPDF\test\input_files\12200s ----- Jul 14, 2011 - Jan 26, 2012\#12276 - PICKETT - MOODYVILLE"
2017-08-18 23:05:20,723 ----------------   25. File "d:\Work\_Python3\And0K\scraper3\scrxPDF\test\input_files\12200s ----- Jul 14, 2011 - Jan 26, 2012\#12284 PA - OVERTON - LIVINGSTON" -----------------------
2017-08-18 23:05:20,723   25. File "d:\Work\_Python3\And0K\scraper3\scrxPDF\test\input_files\12200s ----- Jul 14, 2011 - Jan 26, 2012\#12284 PA - OVERTON - LIVINGSTON"
2017-08-18 23:05:20,734 ----------------   26. File "d:\Work\_Python3\And0K\scraper3\scrxPDF\test\input_files\12200s ----- Jul 14, 2011 - Jan 26, 2012\#12285 - SCOTT - NORMA" -----------------------
2017-08-18 23:05:20,735   26. File "d:\Work\_Python3\And0K\scraper3\scrxPDF\test\input_files\12200s ----- Jul 14, 2011 - Jan 26, 2012\#12285 - SCOTT - NORMA"
2017-08-18 23:05:20,746 ----------------   27. File "d:\Work\_Python3\And0K\scraper3\scrxPDF\test\input_files\12200s ----- Jul 14, 2011 - Jan 26, 2012\#12286 - SCOTT - NORMA" -----------------------
2017-08-18 23:05:20,747   27. File "d:\Work\_Python3\And0K\scraper3\scrxPDF\test\input_files\12200s ----- Jul 14, 2011 - Jan 26, 2012\#12286 - SCOTT - NORMA"
2017-08-18 23:05:20,759 ----------------   28. File "d:\Work\_Python3\And0K\scraper3\scrxPDF\test\input_files\12200s ----- Jul 14, 2011 - Jan 26, 2012\#12287 - SCOTT - NORMA" -----------------------
2017-08-18 23:05:20,759   28. File "d:\Work\_Python3\And0K\scraper3\scrxPDF\test\input_files\12200s ----- Jul 14, 2011 - Jan 26, 2012\#12287 - SCOTT - NORMA"
2017-08-18 23:05:20,772 ----------------   29. File "d:\Work\_Python3\And0K\scraper3\scrxPDF\test\input_files\12200s ----- Jul 14, 2011 - Jan 26, 2012\#12296 - MORGAN - TWIN BRIDGES" -----------------------
2017-08-18 23:05:20,772   29. File "d:\Work\_Python3\And0K\scraper3\scrxPDF\test\input_files\12200s ----- Jul 14, 2011 - Jan 26, 2012\#12296 - MORGAN - TWIN BRIDGES"
2017-08-18 23:05:20,783 ----------------   30. File "d:\Work\_Python3\And0K\scraper3\scrxPDF\test\input_files\12200s ----- Jul 14, 2011 - Jan 26, 2012\#12299 - MORGAN - GOBEY" -----------------------
2017-08-18 23:05:20,784   30. File "d:\Work\_Python3\And0K\scraper3\scrxPDF\test\input_files\12200s ----- Jul 14, 2011 - Jan 26, 2012\#12299 - MORGAN - GOBEY"
2017-08-18 23:05:20,798 Ok!
2017-08-18 23:05:29,528 _(1) added to name. Saving all to D:\Work\_Python3\And0K\scraper3\scrxPDF\12200_PROD GAS+.csv_(1).csv:
2017-08-18 23:05:29,528 ----------------    1. File "d:\Work\_Python3\And0K\scraper3\scrxPDF\test\input_files\12200s ----- Jul 14, 2011 - Jan 26, 2012\#12200 - FENTRESS - STOCKTON" -----------------------
2017-08-18 23:05:29,528    1. File "d:\Work\_Python3\And0K\scraper3\scrxPDF\test\input_files\12200s ----- Jul 14, 2011 - Jan 26, 2012\#12200 - FENTRESS - STOCKTON"
2017-08-18 23:05:29,543 ----------------    2. File "d:\Work\_Python3\And0K\scraper3\scrxPDF\test\input_files\12200s ----- Jul 14, 2011 - Jan 26, 2012\#12201 - CLAIBORNE - EAGAN" -----------------------
2017-08-18 23:05:29,543    2. File "d:\Work\_Python3\And0K\scraper3\scrxPDF\test\input_files\12200s ----- Jul 14, 2011 - Jan 26, 2012\#12201 - CLAIBORNE - EAGAN"
2017-08-18 23:05:29,557 ----------------    3. File "d:\Work\_Python3\And0K\scraper3\scrxPDF\test\input_files\12200s ----- Jul 14, 2011 - Jan 26, 2012\#12201 - CLAIBORNE - EAGAN" -----------------------
2017-08-18 23:05:29,557    3. File "d:\Work\_Python3\And0K\scraper3\scrxPDF\test\input_files\12200s ----- Jul 14, 2011 - Jan 26, 2012\#12201 - CLAIBORNE - EAGAN"
2017-08-18 23:05:29,569 ----------------    4. File "d:\Work\_Python3\And0K\scraper3\scrxPDF\test\input_files\12200s ----- Jul 14, 2011 - Jan 26, 2012\#12203 PA - OVERTON - ALPINE" -----------------------
2017-08-18 23:05:29,569    4. File "d:\Work\_Python3\And0K\scraper3\scrxPDF\test\input_files\12200s ----- Jul 14, 2011 - Jan 26, 2012\#12203 PA - OVERTON - ALPINE"
2017-08-18 23:05:29,580 ----------------    5. File "d:\Work\_Python3\And0K\scraper3\scrxPDF\test\input_files\12200s ----- Jul 14, 2011 - Jan 26, 2012\#12206 - CLAIBORNE - EAGAN" -----------------------
2017-08-18 23:05:29,581    5. File "d:\Work\_Python3\And0K\scraper3\scrxPDF\test\input_files\12200s ----- Jul 14, 2011 - Jan 26, 2012\#12206 - CLAIBORNE - EAGAN"
2017-08-18 23:05:29,595 ----------------    6. File "d:\Work\_Python3\And0K\scraper3\scrxPDF\test\input_files\12200s ----- Jul 14, 2011 - Jan 26, 2012\#12206 - CLAIBORNE - EAGAN" -----------------------
2017-08-18 23:05:29,595    6. File "d:\Work\_Python3\And0K\scraper3\scrxPDF\test\input_files\12200s ----- Jul 14, 2011 - Jan 26, 2012\#12206 - CLAIBORNE - EAGAN"
2017-08-18 23:05:29,606 ----------------    7. File "d:\Work\_Python3\And0K\scraper3\scrxPDF\test\input_files\12200s ----- Jul 14, 2011 - Jan 26, 2012\#12207 PA - OVERTON - LIVINGSTON" -----------------------
2017-08-18 23:05:29,606    7. File "d:\Work\_Python3\And0K\scraper3\scrxPDF\test\input_files\12200s ----- Jul 14, 2011 - Jan 26, 2012\#12207 PA - OVERTON - LIVINGSTON"
2017-08-18 23:05:29,619 ----------------    8. File "d:\Work\_Python3\And0K\scraper3\scrxPDF\test\input_files\12200s ----- Jul 14, 2011 - Jan 26, 2012\#12213 - ANDERSON - LAKE CITY" -----------------------
2017-08-18 23:05:29,619    8. File "d:\Work\_Python3\And0K\scraper3\scrxPDF\test\input_files\12200s ----- Jul 14, 2011 - Jan 26, 2012\#12213 - ANDERSON - LAKE CITY"
2017-08-18 23:05:29,631 ----------------    9. File "d:\Work\_Python3\And0K\scraper3\scrxPDF\test\input_files\12200s ----- Jul 14, 2011 - Jan 26, 2012\#12214 - CAMPBELL - PIONEER" -----------------------
2017-08-18 23:05:29,631    9. File "d:\Work\_Python3\And0K\scraper3\scrxPDF\test\input_files\12200s ----- Jul 14, 2011 - Jan 26, 2012\#12214 - CAMPBELL - PIONEER"
2017-08-18 23:05:29,644 ----------------   10. File "d:\Work\_Python3\And0K\scraper3\scrxPDF\test\input_files\12200s ----- Jul 14, 2011 - Jan 26, 2012\#12215 - CLAIBORNE - EAGAN" -----------------------
2017-08-18 23:05:29,644   10. File "d:\Work\_Python3\And0K\scraper3\scrxPDF\test\input_files\12200s ----- Jul 14, 2011 - Jan 26, 2012\#12215 - CLAIBORNE - EAGAN"
2017-08-18 23:05:29,657 ----------------   11. File "d:\Work\_Python3\And0K\scraper3\scrxPDF\test\input_files\12200s ----- Jul 14, 2011 - Jan 26, 2012\#12216 - CLAIBORNE - EAGAN" -----------------------
2017-08-18 23:05:29,657   11. File "d:\Work\_Python3\And0K\scraper3\scrxPDF\test\input_files\12200s ----- Jul 14, 2011 - Jan 26, 2012\#12216 - CLAIBORNE - EAGAN"
2017-08-18 23:05:29,671 ----------------   12. File "d:\Work\_Python3\And0K\scraper3\scrxPDF\test\input_files\12200s ----- Jul 14, 2011 - Jan 26, 2012\#12217 - CLAIBORNE - EAGAN" -----------------------
2017-08-18 23:05:29,672   12. File "d:\Work\_Python3\And0K\scraper3\scrxPDF\test\input_files\12200s ----- Jul 14, 2011 - Jan 26, 2012\#12217 - CLAIBORNE - EAGAN"
2017-08-18 23:05:29,685 ----------------   13. File "d:\Work\_Python3\And0K\scraper3\scrxPDF\test\input_files\12200s ----- Jul 14, 2011 - Jan 26, 2012\#12218 - CLAIBORNE - EAGAN" -----------------------
2017-08-18 23:05:29,686   13. File "d:\Work\_Python3\And0K\scraper3\scrxPDF\test\input_files\12200s ----- Jul 14, 2011 - Jan 26, 2012\#12218 - CLAIBORNE - EAGAN"
2017-08-18 23:05:29,698 ----------------   14. File "d:\Work\_Python3\And0K\scraper3\scrxPDF\test\input_files\12200s ----- Jul 14, 2011 - Jan 26, 2012\#12218 - CLAIBORNE - EAGAN" -----------------------
2017-08-18 23:05:29,698   14. File "d:\Work\_Python3\And0K\scraper3\scrxPDF\test\input_files\12200s ----- Jul 14, 2011 - Jan 26, 2012\#12218 - CLAIBORNE - EAGAN"
2017-08-18 23:05:29,710 ----------------   15. File "d:\Work\_Python3\And0K\scraper3\scrxPDF\test\input_files\12200s ----- Jul 14, 2011 - Jan 26, 2012\#12219 - ANDERSON - LAKE CITY" -----------------------
2017-08-18 23:05:29,710   15. File "d:\Work\_Python3\And0K\scraper3\scrxPDF\test\input_files\12200s ----- Jul 14, 2011 - Jan 26, 2012\#12219 - ANDERSON - LAKE CITY"
2017-08-18 23:05:29,722 ----------------   16. File "d:\Work\_Python3\And0K\scraper3\scrxPDF\test\input_files\12200s ----- Jul 14, 2011 - Jan 26, 2012\#12219 - ANDERSON - LAKE CITY" -----------------------
2017-08-18 23:05:29,722   16. File "d:\Work\_Python3\And0K\scraper3\scrxPDF\test\input_files\12200s ----- Jul 14, 2011 - Jan 26, 2012\#12219 - ANDERSON - LAKE CITY"
2017-08-18 23:05:29,733 ----------------   17. File "d:\Work\_Python3\And0K\scraper3\scrxPDF\test\input_files\12200s ----- Jul 14, 2011 - Jan 26, 2012\#12225 PA - PICKETT - DALE HOLLOW RESERVOIR SE" -----------------------
2017-08-18 23:05:29,733   17. File "d:\Work\_Python3\And0K\scraper3\scrxPDF\test\input_files\12200s ----- Jul 14, 2011 - Jan 26, 2012\#12225 PA - PICKETT - DALE HOLLOW RESERVOIR SE"
2017-08-18 23:05:29,746 ----------------   18. File "d:\Work\_Python3\And0K\scraper3\scrxPDF\test\input_files\12200s ----- Jul 14, 2011 - Jan 26, 2012\#12228 - ANDERSON - LAKE CITY" -----------------------
2017-08-18 23:05:29,746   18. File "d:\Work\_Python3\And0K\scraper3\scrxPDF\test\input_files\12200s ----- Jul 14, 2011 - Jan 26, 2012\#12228 - ANDERSON - LAKE CITY"
2017-08-18 23:05:29,759 ----------------   19. File "d:\Work\_Python3\And0K\scraper3\scrxPDF\test\input_files\12200s ----- Jul 14, 2011 - Jan 26, 2012\#12228 - ANDERSON - LAKE CITY" -----------------------
2017-08-18 23:05:29,759   19. File "d:\Work\_Python3\And0K\scraper3\scrxPDF\test\input_files\12200s ----- Jul 14, 2011 - Jan 26, 2012\#12228 - ANDERSON - LAKE CITY"
2017-08-18 23:05:29,772 ----------------   20. File "d:\Work\_Python3\And0K\scraper3\scrxPDF\test\input_files\12200s ----- Jul 14, 2011 - Jan 26, 2012\#12229 - CAMPBELL - PIONEER" -----------------------
2017-08-18 23:05:29,772   20. File "d:\Work\_Python3\And0K\scraper3\scrxPDF\test\input_files\12200s ----- Jul 14, 2011 - Jan 26, 2012\#12229 - CAMPBELL - PIONEER"
2017-08-18 23:05:29,784 ----------------   21. File "d:\Work\_Python3\And0K\scraper3\scrxPDF\test\input_files\12200s ----- Jul 14, 2011 - Jan 26, 2012\#12251 PA - OVERTON - LIVINGSTON" -----------------------
2017-08-18 23:05:29,785   21. File "d:\Work\_Python3\And0K\scraper3\scrxPDF\test\input_files\12200s ----- Jul 14, 2011 - Jan 26, 2012\#12251 PA - OVERTON - LIVINGSTON"
2017-08-18 23:05:29,796 ----------------   22. File "d:\Work\_Python3\And0K\scraper3\scrxPDF\test\input_files\12200s ----- Jul 14, 2011 - Jan 26, 2012\#12271 - MORGAN - TWIN BRIDGES" -----------------------
2017-08-18 23:05:29,796   22. File "d:\Work\_Python3\And0K\scraper3\scrxPDF\test\input_files\12200s ----- Jul 14, 2011 - Jan 26, 2012\#12271 - MORGAN - TWIN BRIDGES"
2017-08-18 23:05:29,808 ----------------   23. File "d:\Work\_Python3\And0K\scraper3\scrxPDF\test\input_files\12200s ----- Jul 14, 2011 - Jan 26, 2012\#12276 - PICKETT - MOODYVILLE" -----------------------
2017-08-18 23:05:29,809   23. File "d:\Work\_Python3\And0K\scraper3\scrxPDF\test\input_files\12200s ----- Jul 14, 2011 - Jan 26, 2012\#12276 - PICKETT - MOODYVILLE"
2017-08-18 23:05:29,820 ----------------   24. File "d:\Work\_Python3\And0K\scraper3\scrxPDF\test\input_files\12200s ----- Jul 14, 2011 - Jan 26, 2012\#12276 - PICKETT - MOODYVILLE" -----------------------
2017-08-18 23:05:29,821   24. File "d:\Work\_Python3\And0K\scraper3\scrxPDF\test\input_files\12200s ----- Jul 14, 2011 - Jan 26, 2012\#12276 - PICKETT - MOODYVILLE"
2017-08-18 23:05:29,832 ----------------   25. File "d:\Work\_Python3\And0K\scraper3\scrxPDF\test\input_files\12200s ----- Jul 14, 2011 - Jan 26, 2012\#12284 PA - OVERTON - LIVINGSTON" -----------------------
2017-08-18 23:05:29,833   25. File "d:\Work\_Python3\And0K\scraper3\scrxPDF\test\input_files\12200s ----- Jul 14, 2011 - Jan 26, 2012\#12284 PA - OVERTON - LIVINGSTON"
2017-08-18 23:05:29,844 ----------------   26. File "d:\Work\_Python3\And0K\scraper3\scrxPDF\test\input_files\12200s ----- Jul 14, 2011 - Jan 26, 2012\#12285 - SCOTT - NORMA" -----------------------
2017-08-18 23:05:29,845   26. File "d:\Work\_Python3\And0K\scraper3\scrxPDF\test\input_files\12200s ----- Jul 14, 2011 - Jan 26, 2012\#12285 - SCOTT - NORMA"
2017-08-18 23:05:29,857 ----------------   27. File "d:\Work\_Python3\And0K\scraper3\scrxPDF\test\input_files\12200s ----- Jul 14, 2011 - Jan 26, 2012\#12286 - SCOTT - NORMA" -----------------------
2017-08-18 23:05:29,857   27. File "d:\Work\_Python3\And0K\scraper3\scrxPDF\test\input_files\12200s ----- Jul 14, 2011 - Jan 26, 2012\#12286 - SCOTT - NORMA"
2017-08-18 23:05:29,869 ----------------   28. File "d:\Work\_Python3\And0K\scraper3\scrxPDF\test\input_files\12200s ----- Jul 14, 2011 - Jan 26, 2012\#12287 - SCOTT - NORMA" -----------------------
2017-08-18 23:05:29,870   28. File "d:\Work\_Python3\And0K\scraper3\scrxPDF\test\input_files\12200s ----- Jul 14, 2011 - Jan 26, 2012\#12287 - SCOTT - NORMA"
2017-08-18 23:05:29,881 ----------------   29. File "d:\Work\_Python3\And0K\scraper3\scrxPDF\test\input_files\12200s ----- Jul 14, 2011 - Jan 26, 2012\#12296 - MORGAN - TWIN BRIDGES" -----------------------
2017-08-18 23:05:29,881   29. File "d:\Work\_Python3\And0K\scraper3\scrxPDF\test\input_files\12200s ----- Jul 14, 2011 - Jan 26, 2012\#12296 - MORGAN - TWIN BRIDGES"
2017-08-18 23:05:29,893 ----------------   30. File "d:\Work\_Python3\And0K\scraper3\scrxPDF\test\input_files\12200s ----- Jul 14, 2011 - Jan 26, 2012\#12299 - MORGAN - GOBEY" -----------------------
2017-08-18 23:05:29,894   30. File "d:\Work\_Python3\And0K\scraper3\scrxPDF\test\input_files\12200s ----- Jul 14, 2011 - Jan 26, 2012\#12299 - MORGAN - GOBEY"
2017-08-18 23:05:29,906 Ok!
2017-08-18 23:05:48,544 _(2) added to name. Saving all to D:\Work\_Python3\And0K\scraper3\scrxPDF\12200_PROD GAS+.csv_(2).csv:
2017-08-18 23:05:48,544 ----------------    1. File "d:\Work\_Python3\And0K\scraper3\scrxPDF\test\input_files\12200s ----- Jul 14, 2011 - Jan 26, 2012\#12200 - FENTRESS - STOCKTON" -----------------------
2017-08-18 23:05:48,545    1. File "d:\Work\_Python3\And0K\scraper3\scrxPDF\test\input_files\12200s ----- Jul 14, 2011 - Jan 26, 2012\#12200 - FENTRESS - STOCKTON"
2017-08-18 23:05:48,560 ----------------    2. File "d:\Work\_Python3\And0K\scraper3\scrxPDF\test\input_files\12200s ----- Jul 14, 2011 - Jan 26, 2012\#12201 - CLAIBORNE - EAGAN" -----------------------
2017-08-18 23:05:48,560    2. File "d:\Work\_Python3\And0K\scraper3\scrxPDF\test\input_files\12200s ----- Jul 14, 2011 - Jan 26, 2012\#12201 - CLAIBORNE - EAGAN"
2017-08-18 23:05:48,573 ----------------    3. File "d:\Work\_Python3\And0K\scraper3\scrxPDF\test\input_files\12200s ----- Jul 14, 2011 - Jan 26, 2012\#12201 - CLAIBORNE - EAGAN" -----------------------
2017-08-18 23:05:48,574    3. File "d:\Work\_Python3\And0K\scraper3\scrxPDF\test\input_files\12200s ----- Jul 14, 2011 - Jan 26, 2012\#12201 - CLAIBORNE - EAGAN"
2017-08-18 23:05:48,584 ----------------    4. File "d:\Work\_Python3\And0K\scraper3\scrxPDF\test\input_files\12200s ----- Jul 14, 2011 - Jan 26, 2012\#12203 PA - OVERTON - ALPINE" -----------------------
2017-08-18 23:05:48,585    4. File "d:\Work\_Python3\And0K\scraper3\scrxPDF\test\input_files\12200s ----- Jul 14, 2011 - Jan 26, 2012\#12203 PA - OVERTON - ALPINE"
2017-08-18 23:05:48,596 ----------------    5. File "d:\Work\_Python3\And0K\scraper3\scrxPDF\test\input_files\12200s ----- Jul 14, 2011 - Jan 26, 2012\#12206 - CLAIBORNE - EAGAN" -----------------------
2017-08-18 23:05:48,597    5. File "d:\Work\_Python3\And0K\scraper3\scrxPDF\test\input_files\12200s ----- Jul 14, 2011 - Jan 26, 2012\#12206 - CLAIBORNE - EAGAN"
2017-08-18 23:05:48,610 ----------------    6. File "d:\Work\_Python3\And0K\scraper3\scrxPDF\test\input_files\12200s ----- Jul 14, 2011 - Jan 26, 2012\#12206 - CLAIBORNE - EAGAN" -----------------------
2017-08-18 23:05:48,611    6. File "d:\Work\_Python3\And0K\scraper3\scrxPDF\test\input_files\12200s ----- Jul 14, 2011 - Jan 26, 2012\#12206 - CLAIBORNE - EAGAN"
2017-08-18 23:05:48,622 ----------------    7. File "d:\Work\_Python3\And0K\scraper3\scrxPDF\test\input_files\12200s ----- Jul 14, 2011 - Jan 26, 2012\#12207 PA - OVERTON - LIVINGSTON" -----------------------
2017-08-18 23:05:48,622    7. File "d:\Work\_Python3\And0K\scraper3\scrxPDF\test\input_files\12200s ----- Jul 14, 2011 - Jan 26, 2012\#12207 PA - OVERTON - LIVINGSTON"
2017-08-18 23:05:48,634 ----------------    8. File "d:\Work\_Python3\And0K\scraper3\scrxPDF\test\input_files\12200s ----- Jul 14, 2011 - Jan 26, 2012\#12213 - ANDERSON - LAKE CITY" -----------------------
2017-08-18 23:05:48,635    8. File "d:\Work\_Python3\And0K\scraper3\scrxPDF\test\input_files\12200s ----- Jul 14, 2011 - Jan 26, 2012\#12213 - ANDERSON - LAKE CITY"
2017-08-18 23:05:48,646 ----------------    9. File "d:\Work\_Python3\And0K\scraper3\scrxPDF\test\input_files\12200s ----- Jul 14, 2011 - Jan 26, 2012\#12214 - CAMPBELL - PIONEER" -----------------------
2017-08-18 23:05:48,647    9. File "d:\Work\_Python3\And0K\scraper3\scrxPDF\test\input_files\12200s ----- Jul 14, 2011 - Jan 26, 2012\#12214 - CAMPBELL - PIONEER"
2017-08-18 23:05:48,659 ----------------   10. File "d:\Work\_Python3\And0K\scraper3\scrxPDF\test\input_files\12200s ----- Jul 14, 2011 - Jan 26, 2012\#12215 - CLAIBORNE - EAGAN" -----------------------
2017-08-18 23:05:48,659   10. File "d:\Work\_Python3\And0K\scraper3\scrxPDF\test\input_files\12200s ----- Jul 14, 2011 - Jan 26, 2012\#12215 - CLAIBORNE - EAGAN"
2017-08-18 23:05:48,672 ----------------   11. File "d:\Work\_Python3\And0K\scraper3\scrxPDF\test\input_files\12200s ----- Jul 14, 2011 - Jan 26, 2012\#12216 - CLAIBORNE - EAGAN" -----------------------
2017-08-18 23:05:48,673   11. File "d:\Work\_Python3\And0K\scraper3\scrxPDF\test\input_files\12200s ----- Jul 14, 2011 - Jan 26, 2012\#12216 - CLAIBORNE - EAGAN"
2017-08-18 23:05:48,687 ----------------   12. File "d:\Work\_Python3\And0K\scraper3\scrxPDF\test\input_files\12200s ----- Jul 14, 2011 - Jan 26, 2012\#12217 - CLAIBORNE - EAGAN" -----------------------
2017-08-18 23:05:48,687   12. File "d:\Work\_Python3\And0K\scraper3\scrxPDF\test\input_files\12200s ----- Jul 14, 2011 - Jan 26, 2012\#12217 - CLAIBORNE - EAGAN"
2017-08-18 23:05:48,700 ----------------   13. File "d:\Work\_Python3\And0K\scraper3\scrxPDF\test\input_files\12200s ----- Jul 14, 2011 - Jan 26, 2012\#12218 - CLAIBORNE - EAGAN" -----------------------
2017-08-18 23:05:48,700   13. File "d:\Work\_Python3\And0K\scraper3\scrxPDF\test\input_files\12200s ----- Jul 14, 2011 - Jan 26, 2012\#12218 - CLAIBORNE - EAGAN"
2017-08-18 23:05:48,714 ----------------   14. File "d:\Work\_Python3\And0K\scraper3\scrxPDF\test\input_files\12200s ----- Jul 14, 2011 - Jan 26, 2012\#12218 - CLAIBORNE - EAGAN" -----------------------
2017-08-18 23:05:48,715   14. File "d:\Work\_Python3\And0K\scraper3\scrxPDF\test\input_files\12200s ----- Jul 14, 2011 - Jan 26, 2012\#12218 - CLAIBORNE - EAGAN"
2017-08-18 23:05:48,726 ----------------   15. File "d:\Work\_Python3\And0K\scraper3\scrxPDF\test\input_files\12200s ----- Jul 14, 2011 - Jan 26, 2012\#12219 - ANDERSON - LAKE CITY" -----------------------
2017-08-18 23:05:48,727   15. File "d:\Work\_Python3\And0K\scraper3\scrxPDF\test\input_files\12200s ----- Jul 14, 2011 - Jan 26, 2012\#12219 - ANDERSON - LAKE CITY"
2017-08-18 23:05:48,739 ----------------   16. File "d:\Work\_Python3\And0K\scraper3\scrxPDF\test\input_files\12200s ----- Jul 14, 2011 - Jan 26, 2012\#12219 - ANDERSON - LAKE CITY" -----------------------
2017-08-18 23:05:48,739   16. File "d:\Work\_Python3\And0K\scraper3\scrxPDF\test\input_files\12200s ----- Jul 14, 2011 - Jan 26, 2012\#12219 - ANDERSON - LAKE CITY"
2017-08-18 23:05:48,752 ----------------   17. File "d:\Work\_Python3\And0K\scraper3\scrxPDF\test\input_files\12200s ----- Jul 14, 2011 - Jan 26, 2012\#12225 PA - PICKETT - DALE HOLLOW RESERVOIR SE" -----------------------
2017-08-18 23:05:48,752   17. File "d:\Work\_Python3\And0K\scraper3\scrxPDF\test\input_files\12200s ----- Jul 14, 2011 - Jan 26, 2012\#12225 PA - PICKETT - DALE HOLLOW RESERVOIR SE"
2017-08-18 23:05:48,764 ----------------   18. File "d:\Work\_Python3\And0K\scraper3\scrxPDF\test\input_files\12200s ----- Jul 14, 2011 - Jan 26, 2012\#12228 - ANDERSON - LAKE CITY" -----------------------
2017-08-18 23:05:48,765   18. File "d:\Work\_Python3\And0K\scraper3\scrxPDF\test\input_files\12200s ----- Jul 14, 2011 - Jan 26, 2012\#12228 - ANDERSON - LAKE CITY"
2017-08-18 23:05:48,778 ----------------   19. File "d:\Work\_Python3\And0K\scraper3\scrxPDF\test\input_files\12200s ----- Jul 14, 2011 - Jan 26, 2012\#12228 - ANDERSON - LAKE CITY" -----------------------
2017-08-18 23:05:48,778   19. File "d:\Work\_Python3\And0K\scraper3\scrxPDF\test\input_files\12200s ----- Jul 14, 2011 - Jan 26, 2012\#12228 - ANDERSON - LAKE CITY"
2017-08-18 23:05:48,791 ----------------   20. File "d:\Work\_Python3\And0K\scraper3\scrxPDF\test\input_files\12200s ----- Jul 14, 2011 - Jan 26, 2012\#12229 - CAMPBELL - PIONEER" -----------------------
2017-08-18 23:05:48,791   20. File "d:\Work\_Python3\And0K\scraper3\scrxPDF\test\input_files\12200s ----- Jul 14, 2011 - Jan 26, 2012\#12229 - CAMPBELL - PIONEER"
2017-08-18 23:05:48,803 ----------------   21. File "d:\Work\_Python3\And0K\scraper3\scrxPDF\test\input_files\12200s ----- Jul 14, 2011 - Jan 26, 2012\#12251 PA - OVERTON - LIVINGSTON" -----------------------
2017-08-18 23:05:48,804   21. File "d:\Work\_Python3\And0K\scraper3\scrxPDF\test\input_files\12200s ----- Jul 14, 2011 - Jan 26, 2012\#12251 PA - OVERTON - LIVINGSTON"
2017-08-18 23:05:48,814 ----------------   22. File "d:\Work\_Python3\And0K\scraper3\scrxPDF\test\input_files\12200s ----- Jul 14, 2011 - Jan 26, 2012\#12271 - MORGAN - TWIN BRIDGES" -----------------------
2017-08-18 23:05:48,815   22. File "d:\Work\_Python3\And0K\scraper3\scrxPDF\test\input_files\12200s ----- Jul 14, 2011 - Jan 26, 2012\#12271 - MORGAN - TWIN BRIDGES"
2017-08-18 23:05:48,827 ----------------   23. File "d:\Work\_Python3\And0K\scraper3\scrxPDF\test\input_files\12200s ----- Jul 14, 2011 - Jan 26, 2012\#12276 - PICKETT - MOODYVILLE" -----------------------
2017-08-18 23:05:48,827   23. File "d:\Work\_Python3\And0K\scraper3\scrxPDF\test\input_files\12200s ----- Jul 14, 2011 - Jan 26, 2012\#12276 - PICKETT - MOODYVILLE"
2017-08-18 23:05:48,838 ----------------   24. File "d:\Work\_Python3\And0K\scraper3\scrxPDF\test\input_files\12200s ----- Jul 14, 2011 - Jan 26, 2012\#12276 - PICKETT - MOODYVILLE" -----------------------
2017-08-18 23:05:48,838   24. File "d:\Work\_Python3\And0K\scraper3\scrxPDF\test\input_files\12200s ----- Jul 14, 2011 - Jan 26, 2012\#12276 - PICKETT - MOODYVILLE"
2017-08-18 23:05:48,850 ----------------   25. File "d:\Work\_Python3\And0K\scraper3\scrxPDF\test\input_files\12200s ----- Jul 14, 2011 - Jan 26, 2012\#12284 PA - OVERTON - LIVINGSTON" -----------------------
2017-08-18 23:05:48,850   25. File "d:\Work\_Python3\And0K\scraper3\scrxPDF\test\input_files\12200s ----- Jul 14, 2011 - Jan 26, 2012\#12284 PA - OVERTON - LIVINGSTON"
2017-08-18 23:05:48,861 ----------------   26. File "d:\Work\_Python3\And0K\scraper3\scrxPDF\test\input_files\12200s ----- Jul 14, 2011 - Jan 26, 2012\#12285 - SCOTT - NORMA" -----------------------
2017-08-18 23:05:48,862   26. File "d:\Work\_Python3\And0K\scraper3\scrxPDF\test\input_files\12200s ----- Jul 14, 2011 - Jan 26, 2012\#12285 - SCOTT - NORMA"
2017-08-18 23:05:48,874 ----------------   27. File "d:\Work\_Python3\And0K\scraper3\scrxPDF\test\input_files\12200s ----- Jul 14, 2011 - Jan 26, 2012\#12286 - SCOTT - NORMA" -----------------------
2017-08-18 23:05:48,874   27. File "d:\Work\_Python3\And0K\scraper3\scrxPDF\test\input_files\12200s ----- Jul 14, 2011 - Jan 26, 2012\#12286 - SCOTT - NORMA"
2017-08-18 23:05:48,886 ----------------   28. File "d:\Work\_Python3\And0K\scraper3\scrxPDF\test\input_files\12200s ----- Jul 14, 2011 - Jan 26, 2012\#12287 - SCOTT - NORMA" -----------------------
2017-08-18 23:05:48,887   28. File "d:\Work\_Python3\And0K\scraper3\scrxPDF\test\input_files\12200s ----- Jul 14, 2011 - Jan 26, 2012\#12287 - SCOTT - NORMA"
2017-08-18 23:05:48,898 ----------------   29. File "d:\Work\_Python3\And0K\scraper3\scrxPDF\test\input_files\12200s ----- Jul 14, 2011 - Jan 26, 2012\#12296 - MORGAN - TWIN BRIDGES" -----------------------
2017-08-18 23:05:48,898   29. File "d:\Work\_Python3\And0K\scraper3\scrxPDF\test\input_files\12200s ----- Jul 14, 2011 - Jan 26, 2012\#12296 - MORGAN - TWIN BRIDGES"
2017-08-18 23:05:48,910 ----------------   30. File "d:\Work\_Python3\And0K\scraper3\scrxPDF\test\input_files\12200s ----- Jul 14, 2011 - Jan 26, 2012\#12299 - MORGAN - GOBEY" -----------------------
2017-08-18 23:05:48,911   30. File "d:\Work\_Python3\And0K\scraper3\scrxPDF\test\input_files\12200s ----- Jul 14, 2011 - Jan 26, 2012\#12299 - MORGAN - GOBEY"
2017-08-18 23:05:48,924 Ok!
2017-08-18 23:05:57,218 _(3) added to name. Saving all to D:\Work\_Python3\And0K\scraper3\scrxPDF\12200_PROD GAS+.csv_(3).csv:
2017-08-18 23:05:57,219 ----------------    1. File "d:\Work\_Python3\And0K\scraper3\scrxPDF\test\input_files\12200s ----- Jul 14, 2011 - Jan 26, 2012\#12200 - FENTRESS - STOCKTON" -----------------------
2017-08-18 23:05:57,219    1. File "d:\Work\_Python3\And0K\scraper3\scrxPDF\test\input_files\12200s ----- Jul 14, 2011 - Jan 26, 2012\#12200 - FENTRESS - STOCKTON"
2017-08-18 23:06:19,031 ----------------    2. File "d:\Work\_Python3\And0K\scraper3\scrxPDF\test\input_files\12200s ----- Jul 14, 2011 - Jan 26, 2012\#12201 - CLAIBORNE - EAGAN" -----------------------
2017-08-18 23:06:19,031    2. File "d:\Work\_Python3\And0K\scraper3\scrxPDF\test\input_files\12200s ----- Jul 14, 2011 - Jan 26, 2012\#12201 - CLAIBORNE - EAGAN"
2017-08-18 23:06:27,358 ----------------    3. File "d:\Work\_Python3\And0K\scraper3\scrxPDF\test\input_files\12200s ----- Jul 14, 2011 - Jan 26, 2012\#12201 - CLAIBORNE - EAGAN" -----------------------
2017-08-18 23:06:27,358    3. File "d:\Work\_Python3\And0K\scraper3\scrxPDF\test\input_files\12200s ----- Jul 14, 2011 - Jan 26, 2012\#12201 - CLAIBORNE - EAGAN"
2017-08-18 23:06:56,180 ----------------    4. File "d:\Work\_Python3\And0K\scraper3\scrxPDF\test\input_files\12200s ----- Jul 14, 2011 - Jan 26, 2012\#12203 PA - OVERTON - ALPINE" -----------------------
2017-08-18 23:06:56,180    4. File "d:\Work\_Python3\And0K\scraper3\scrxPDF\test\input_files\12200s ----- Jul 14, 2011 - Jan 26, 2012\#12203 PA - OVERTON - ALPINE"
2017-08-19 06:49:33,526 ----------------    5. File "d:\Work\_Python3\And0K\scraper3\scrxPDF\test\input_files\12200s ----- Jul 14, 2011 - Jan 26, 2012\#12206 - CLAIBORNE - EAGAN" -----------------------
2017-08-19 06:49:33,527    5. File "d:\Work\_Python3\And0K\scraper3\scrxPDF\test\input_files\12200s ----- Jul 14, 2011 - Jan 26, 2012\#12206 - CLAIBORNE - EAGAN"
2017-08-19 08:47:31,137 _(3) added to name. Saving all to D:\Work\_Python3\And0K\scraper3\scrxPDF\12200_PROD GAS+.csv_(3).csv:
2017-08-19 08:47:31,138 ----------------    1. File "d:\Work\_Python3\And0K\scraper3\scrxPDF\test\input_files\12200s ----- Jul 14, 2011 - Jan 26, 2012\#12200 - FENTRESS - STOCKTON" -----------------------
2017-08-19 08:47:31,139    1. File "d:\Work\_Python3\And0K\scraper3\scrxPDF\test\input_files\12200s ----- Jul 14, 2011 - Jan 26, 2012\#12200 - FENTRESS - STOCKTON"
2017-08-19 09:22:37,002 _(3) added to name. Saving all to D:\Work\_Python3\And0K\scraper3\scrxPDF\12200_PROD GAS+.csv_(3).csv:
2017-08-19 09:22:37,002 ----------------    1. File "d:\Work\_Python3\And0K\scraper3\scrxPDF\test\input_files\12200s ----- Jul 14, 2011 - Jan 26, 2012\#12200 - FENTRESS - STOCKTON" -----------------------
2017-08-19 09:22:37,003    1. File "d:\Work\_Python3\And0K\scraper3\scrxPDF\test\input_files\12200s ----- Jul 14, 2011 - Jan 26, 2012\#12200 - FENTRESS - STOCKTON"
2017-08-19 09:24:53,644 _(3) added to name. Saving all to D:\Work\_Python3\And0K\scraper3\scrxPDF\12200_PROD GAS+.csv_(3).csv:
2017-08-19 09:24:53,645 ----------------    1. File "d:\Work\_Python3\And0K\scraper3\scrxPDF\test\input_files\12200s ----- Jul 14, 2011 - Jan 26, 2012\#12200 - FENTRESS - STOCKTON" -----------------------
2017-08-19 09:24:53,645    1. File "d:\Work\_Python3\And0K\scraper3\scrxPDF\test\input_files\12200s ----- Jul 14, 2011 - Jan 26, 2012\#12200 - FENTRESS - STOCKTON"
2017-08-19 09:29:14,398 _(3) added to name. Saving all to D:\Work\_Python3\And0K\scraper3\scrxPDF\12200_PROD GAS+.csv_(3).csv:
2017-08-19 09:29:14,399 ----------------    1. File "d:\Work\_Python3\And0K\scraper3\scrxPDF\test\input_files\12200s ----- Jul 14, 2011 - Jan 26, 2012\#12200 - FENTRESS - STOCKTON" -----------------------
2017-08-19 09:29:14,399    1. File "d:\Work\_Python3\And0K\scraper3\scrxPDF\test\input_files\12200s ----- Jul 14, 2011 - Jan 26, 2012\#12200 - FENTRESS - STOCKTON"
2017-08-19 09:29:22,752 Task"Buyer_Lease_Type_Active": Error find in line "Fentress County; STOCKTON Quad; Stockton SW Field Pool"
2017-08-19 09:31:34,612 _(3) added to name. Saving all to D:\Work\_Python3\And0K\scraper3\scrxPDF\12200_PROD GAS+.csv_(3).csv:
2017-08-19 09:31:34,613 ----------------    1. File "d:\Work\_Python3\And0K\scraper3\scrxPDF\test\input_files\12200s ----- Jul 14, 2011 - Jan 26, 2012\#12200 - FENTRESS - STOCKTON" -----------------------
2017-08-19 09:31:34,613    1. File "d:\Work\_Python3\And0K\scraper3\scrxPDF\test\input_files\12200s ----- Jul 14, 2011 - Jan 26, 2012\#12200 - FENTRESS - STOCKTON"
2017-08-19 09:36:30,072 _(3) added to name. Saving all to D:\Work\_Python3\And0K\scraper3\scrxPDF\12200_PROD GAS+.csv_(3).csv:
2017-08-19 09:36:30,073 ----------------    1. File "d:\Work\_Python3\And0K\scraper3\scrxPDF\test\input_files\12200s ----- Jul 14, 2011 - Jan 26, 2012\#12200 - FENTRESS - STOCKTON" -----------------------
2017-08-19 09:36:30,074    1. File "d:\Work\_Python3\And0K\scraper3\scrxPDF\test\input_files\12200s ----- Jul 14, 2011 - Jan 26, 2012\#12200 - FENTRESS - STOCKTON"
2017-08-19 09:37:14,262 _(3) added to name. Saving all to D:\Work\_Python3\And0K\scraper3\scrxPDF\12200_PROD GAS+.csv_(3).csv:
2017-08-19 09:37:14,263 ----------------    1. File "d:\Work\_Python3\And0K\scraper3\scrxPDF\test\input_files\12200s ----- Jul 14, 2011 - Jan 26, 2012\#12200 - FENTRESS - STOCKTON" -----------------------
2017-08-19 09:37:14,263    1. File "d:\Work\_Python3\And0K\scraper3\scrxPDF\test\input_files\12200s ----- Jul 14, 2011 - Jan 26, 2012\#12200 - FENTRESS - STOCKTON"
2017-08-19 09:39:34,059 _(3) added to name. Saving all to D:\Work\_Python3\And0K\scraper3\scrxPDF\12200_PROD GAS+.csv_(3).csv:
2017-08-19 09:39:34,060 ----------------    1. File "d:\Work\_Python3\And0K\scraper3\scrxPDF\test\input_files\12200s ----- Jul 14, 2011 - Jan 26, 2012\#12200 - FENTRESS - STOCKTON" -----------------------
2017-08-19 09:39:34,060    1. File "d:\Work\_Python3\And0K\scraper3\scrxPDF\test\input_files\12200s ----- Jul 14, 2011 - Jan 26, 2012\#12200 - FENTRESS - STOCKTON"
2017-08-19 09:39:34,078 Task"County_Quad_Pool"> Error when decode line "Fentress County; STOCKTON Quad; Stockton SW Field Pool"
2017-08-19 09:40:23,201 _(4) added to name. Saving all to D:\Work\_Python3\And0K\scraper3\scrxPDF\12200_PROD GAS+.csv_(4).csv:
2017-08-19 09:40:23,201 ----------------    1. File "d:\Work\_Python3\And0K\scraper3\scrxPDF\test\input_files\12200s ----- Jul 14, 2011 - Jan 26, 2012\#12200 - FENTRESS - STOCKTON" -----------------------
2017-08-19 09:40:23,202    1. File "d:\Work\_Python3\And0K\scraper3\scrxPDF\test\input_files\12200s ----- Jul 14, 2011 - Jan 26, 2012\#12200 - FENTRESS - STOCKTON"
2017-08-19 09:47:45,020 _(4) added to name. Saving all to D:\Work\_Python3\And0K\scraper3\scrxPDF\12200_PROD GAS+.csv_(4).csv:
2017-08-19 09:47:45,021 ----------------    1. File "d:\Work\_Python3\And0K\scraper3\scrxPDF\test\input_files\12200s ----- Jul 14, 2011 - Jan 26, 2012\#12200 - FENTRESS - STOCKTON" -----------------------
2017-08-19 09:47:45,021    1. File "d:\Work\_Python3\And0K\scraper3\scrxPDF\test\input_files\12200s ----- Jul 14, 2011 - Jan 26, 2012\#12200 - FENTRESS - STOCKTON"
2017-08-19 09:48:42,478 _(4) added to name. Saving all to D:\Work\_Python3\And0K\scraper3\scrxPDF\12200_PROD GAS+.csv_(4).csv:
2017-08-19 09:48:42,478 ----------------    1. File "d:\Work\_Python3\And0K\scraper3\scrxPDF\test\input_files\12200s ----- Jul 14, 2011 - Jan 26, 2012\#12200 - FENTRESS - STOCKTON" -----------------------
2017-08-19 09:48:42,479    1. File "d:\Work\_Python3\And0K\scraper3\scrxPDF\test\input_files\12200s ----- Jul 14, 2011 - Jan 26, 2012\#12200 - FENTRESS - STOCKTON"
2017-08-19 09:53:12,824 _(4) added to name. Saving all to D:\Work\_Python3\And0K\scraper3\scrxPDF\12200_PROD GAS+.csv_(4).csv:
2017-08-19 09:53:12,825 ----------------    1. File "d:\Work\_Python3\And0K\scraper3\scrxPDF\test\input_files\12200s ----- Jul 14, 2011 - Jan 26, 2012\#12200 - FENTRESS - STOCKTON" -----------------------
2017-08-19 09:53:12,825    1. File "d:\Work\_Python3\And0K\scraper3\scrxPDF\test\input_files\12200s ----- Jul 14, 2011 - Jan 26, 2012\#12200 - FENTRESS - STOCKTON"
